[2023-03-11 09:51:48] [ ERROR] [DaoOdontologoH2:54] Violación de indice de Unicidad ó Clave primaria: "PRIMARY KEY ON PUBLIC.DOMICILIO(ID) ( /* key:0 */ 1, 'Dean Funes', '611')"
Unique index or primary key violation: "PRIMARY KEY ON PUBLIC.DOMICILIO(ID) ( /* key:0 */ 1, 'Dean Funes', '611')"; SQL statement:



INSERT INTO domicilio(id, calle, numero) VALUES(1, 'Dean Funes', '611') [23505-214]
[2023-03-11 09:56:09] [ INFO ] [DaoOdontologoH2:36] Levantando el controlador
[2023-03-11 09:56:09] [ INFO ] [DaoOdontologoH2:51] Ejecutado el Insert del nuevo odontologo efectivamente
[2023-03-11 09:57:41] [ INFO ] [DaoOdontologoH2:36] Levantando el controlador
[2023-03-11 09:57:41] [ INFO ] [DaoOdontologoH2:51] Ejecutado el Insert del nuevo odontologo efectivamente
[2023-03-11 09:59:29] [ INFO ] [DaoOdontologoH2:36] Driver h2 is UP !!!
[2023-03-11 09:59:29] [ INFO ] [DaoOdontologoH2:51] New Odontologo inserted in table
[2023-03-11 10:21:48] [ INFO ] [DaoOdontologoH2:22] Driver h2 is UP !!!
[2023-03-11 10:21:48] [ INFO ] [DaoOdontologoH2:34] Query executed
[2023-03-11 10:23:37] [ INFO ] [DaoOdontologoH2:22] Driver h2 is UP !!!
[2023-03-11 10:23:37] [ ERROR] [DaoOdontologoH2:50] Tabla "ODONTOLODO" no encontrada
Table "ODONTOLODO" not found; SQL statement:


INSERT INTO odontolodo(numero_matricula, nombre, apellido) VALUES(1, 'Dr', 'Muelas') [42102-214]
[2023-03-11 10:24:10] [ INFO ] [DaoOdontologoH2:22] Driver h2 is UP !!!
[2023-03-11 10:24:10] [ INFO ] [DaoOdontologoH2:34] Query executed
[2023-03-11 10:27:18] [ INFO ] [DaoOdontologoH2:22] Driver h2 is UP !!!
[2023-03-11 10:27:18] [ INFO ] [DaoOdontologoH2:34] Query executed
[2023-03-11 10:41:29] [ INFO ] [DaoOdontologoH2:22] Driver h2 is UP !!!
[2023-03-11 10:41:29] [ INFO ] [DaoOdontologoH2:34] Query executed
[2023-03-11 10:47:19] [ INFO ] [DaoOdontologoH2:22] Driver h2 is UP !!!
[2023-03-11 10:47:19] [ INFO ] [DaoOdontologoH2:34] Query executed
[2023-03-11 18:25:28] [ INFO ] [DaoOdontologoH2:22] Driver h2 is UP !!!
[2023-03-11 18:25:29] [ INFO ] [DaoOdontologoH2:31] Query executed
[2023-03-11 18:25:29] [ INFO ] [DaoOdontologoH2:38] New odontologo added
[2023-03-11 18:25:29] [ INFO ] [DaoOdontologoH2:38] New odontologo added
[2023-03-11 18:45:05] [ INFO ] [DaoOdontologoH2:53] Driver h2 is UP !!!
[2023-03-11 18:45:06] [ ERROR] [DaoOdontologoH2:73] Columna "ID" no encontrada
Column "ID" not found; SQL statement:
SELECT * FROM odontologo WHERE id = ? [42122-214]
[2023-03-11 18:45:44] [ INFO ] [DaoOdontologoH2:53] Driver h2 is UP !!!
[2023-03-11 18:45:44] [ ERROR] [DaoOdontologoH2:73] Columna "ID" no encontrada
Column "ID" not found; SQL statement:
SELECT * FROM odontologo WHERE id = ? [42122-214]
[2023-03-11 18:46:46] [ INFO ] [DaoOdontologoH2:52] Driver h2 is UP !!!
[2023-03-11 18:46:46] [ ERROR] [DaoOdontologoH2:72] Columna "ID" no encontrada
Column "ID" not found; SQL statement:
SELECT * FROM odontologo WHERE id = ? [42122-214]
[2023-03-11 18:48:09] [ INFO ] [DaoOdontologoH2:52] Driver h2 is UP !!!
[2023-03-11 18:48:32] [ ERROR] [DaoOdontologoH2:72] Columna "ID" no encontrada
Column "ID" not found; SQL statement:
SELECT * FROM odontologo WHERE id = ? [42122-214]
[2023-03-11 18:48:33] [ INFO ] [DaoOdontologoH2:52] Driver h2 is UP !!!
[2023-03-11 18:48:33] [ INFO ] [DaoOdontologoH2:68] New Odontologo retrieved from DB
[2023-03-11 19:04:55] [ INFO ] [DaoOdontologoH2:22] Driver h2 is UP !!!
[2023-03-11 19:04:56] [ INFO ] [DaoOdontologoH2:31] Query executed
[2023-03-11 19:04:56] [ INFO ] [DaoOdontologoH2:39] New odontologo added
[2023-03-11 19:04:56] [ INFO ] [DaoOdontologoH2:39] New odontologo added
[2023-03-11 19:04:56] [ INFO ] [DaoOdontologoH2:52] Driver h2 is UP !!!
[2023-03-11 19:04:56] [ INFO ] [DaoOdontologoH2:68] New Odontologo retrieved from DB
[2023-03-11 19:04:56] [ INFO ] [DaoOdontologoH2:83] Driver h2 is UP !!!
[2023-03-11 19:04:56] [ INFO ] [DaoOdontologoH2:94] New Odontologo inserted in table
[2023-03-11 19:05:45] [ INFO ] [DaoOdontologoH2:83] Driver h2 is UP !!!
[2023-03-11 19:05:45] [ INFO ] [DaoOdontologoH2:94] New Odontologo inserted in table
[2023-03-11 19:05:51] [ INFO ] [DaoOdontologoH2:22] Driver h2 is UP !!!
[2023-03-11 19:05:51] [ INFO ] [DaoOdontologoH2:31] Query executed
[2023-03-11 19:05:51] [ INFO ] [DaoOdontologoH2:39] New odontologo added
[2023-03-11 19:05:51] [ INFO ] [DaoOdontologoH2:39] New odontologo added
[2023-03-11 19:05:56] [ INFO ] [DaoOdontologoH2:83] Driver h2 is UP !!!
[2023-03-11 19:05:56] [ INFO ] [DaoOdontologoH2:94] New Odontologo inserted in table
[2023-03-11 19:06:02] [ INFO ] [DaoOdontologoH2:22] Driver h2 is UP !!!
[2023-03-11 19:06:02] [ INFO ] [DaoOdontologoH2:31] Query executed
[2023-03-11 19:06:02] [ INFO ] [DaoOdontologoH2:39] New odontologo added
[2023-03-11 19:06:02] [ INFO ] [DaoOdontologoH2:39] New odontologo added
[2023-03-11 19:06:41] [ INFO ] [DaoOdontologoH2:83] Driver h2 is UP !!!
[2023-03-11 19:06:41] [ INFO ] [DaoOdontologoH2:94] New Odontologo inserted in table
[2023-03-11 19:06:45] [ INFO ] [DaoOdontologoH2:22] Driver h2 is UP !!!
[2023-03-11 19:06:45] [ INFO ] [DaoOdontologoH2:31] Query executed
[2023-03-11 19:06:45] [ INFO ] [DaoOdontologoH2:39] New odontologo added
[2023-03-11 19:06:45] [ INFO ] [DaoOdontologoH2:39] New odontologo added
[2023-03-11 19:07:26] [ INFO ] [DaoOdontologoH2:52] Driver h2 is UP !!!
[2023-03-11 19:07:26] [ INFO ] [DaoOdontologoH2:68] New Odontologo retrieved from DB
[2023-03-11 19:07:33] [ INFO ] [DaoOdontologoH2:22] Driver h2 is UP !!!
[2023-03-11 19:07:34] [ INFO ] [DaoOdontologoH2:31] Query executed
[2023-03-11 19:07:34] [ INFO ] [DaoOdontologoH2:39] New odontologo added to the list
[2023-03-11 19:07:34] [ INFO ] [DaoOdontologoH2:39] New odontologo added to the list
[2023-03-11 19:07:49] [ INFO ] [DaoOdontologoH2:22] Driver h2 is UP !!!
[2023-03-11 19:07:50] [ INFO ] [DaoOdontologoH2:31] Query executed
[2023-03-11 19:07:50] [ INFO ] [DaoOdontologoH2:39] New odontologo added to the list
[2023-03-11 19:07:50] [ INFO ] [DaoOdontologoH2:39] New odontologo added to the list
